0 info it worked if it ends with ok
1 verbose cli [ 'c:\\Program Files (x86)\\nodejs\\node.exe',
1 verbose cli   'c:\\Program Files (x86)\\nodejs\\node_modules\\npm\\bin\\npm-cli.js',
1 verbose cli   'install',
1 verbose cli   '-g',
1 verbose cli   'pegjs' ]
2 info using npm@1.1.43
3 info using node@v0.8.3
4 verbose config file C:\Users\Martin Halamˇźek\.npmrc
5 verbose config file c:\Program Files (x86)\nodejs\etc\npmrc
6 verbose config file c:\Program Files (x86)\nodejs\node_modules\npm\npmrc
7 error Error: EPERM, mkdir 'C:\Users\Martin Halamˇźek'
7 error  { [Error: EPERM, mkdir 'C:\Users\Martin Halamˇźek'] errno: 50, code: 'EPERM', path: 'C:\\Users\\Martin Halamˇźek' }
8 error Please try running this command again as root/Administrator.
9 error System Windows_NT 6.1.7601
10 error command "c:\\Program Files (x86)\\nodejs\\node.exe" "c:\\Program Files (x86)\\nodejs\\node_modules\\npm\\bin\\npm-cli.js" "install" "-g" "pegjs"
11 error cwd c:\projects\storage-api-client
12 error node -v v0.8.3
13 error npm -v 1.1.43
14 error path C:\Users\Martin Halamˇźek
15 error code EPERM
16 error errno 50
17 error stack Error: EPERM, mkdir 'C:\Users\Martin Halamˇźek'
18 verbose exit [ 50, true ]
